nohup: ignoring input

> rest-express@1.0.0 dev
> NODE_ENV=development tsx server/index.ts

2:32:18 PM [express] serving on port 5000
Browserslist: browsers data (caniuse-lite) is 9 months old. Please run:
  npx update-browserslist-db@latest
  Why you should do it regularly: https://github.com/browserslist/update-db#readme
2:32:26 PM [express] GET /api/admin/customers 500 in 57ms :: {"error":""}
2:32:26 PM [express] GET /api/admin/orders 500 in 19ms :: {"error":""}
2:32:26 PM [express] GET /api/admin/events 500 in 17ms :: {"error":""}
2:32:26 PM [express] GET /api/admin/stats 500 in 10ms :: {"error":""}
2:32:36 PM [express] GET /api/admin/customers 500 in 10ms :: {"error":""}
2:32:36 PM [express] GET /api/admin/orders 500 in 8ms :: {"error":""}
2:32:36 PM [express] GET /api/admin/stats 500 in 6ms :: {"error":""}
2:32:36 PM [express] GET /api/admin/events 500 in 7ms :: {"error":""}
2:32:39 PM [express] GET /api/events 500 in 5ms :: {"message":"Erro ao buscar eventos"}
2:32:40 PM [express] GET /api/admin/customers 500 in 8ms :: {"error":""}
2:32:40 PM [express] GET /api/admin/events 500 in 8ms :: {"error":""}
2:32:40 PM [express] GET /api/admin/orders 500 in 7ms :: {"error":""}
2:32:40 PM [express] GET /api/admin/stats 500 in 4ms :: {"error":""}
2:32:52 PM [express] GET /api/admin/customers 500 in 9ms :: {"error":""}
2:32:52 PM [express] GET /api/admin/orders 500 in 6ms :: {"error":""}
2:32:52 PM [express] GET /api/admin/events 500 in 6ms :: {"error":""}
2:32:52 PM [express] GET /api/admin/stats 500 in 3ms :: {"error":""}
2:33:00 PM [express] GET /api/admin/events 500 in 4ms :: {"error":""}
2:33:11 PM [express] POST /api/admin/events 400 in 5ms :: {"error":""}
